<?xml version="1.0" encoding="utf-8"?><testsuites name="pytest tests"><testsuite name="pytest" errors="0" failures="0" skipped="0" tests="28" time="4.665" timestamp="2026-08-31T06:28:50.895199+00:00" hostname="agent-env-313aa33b-601e-42ab-8d4f-b897e52f69b1"><testcase classname="tests.test_mch_api.TestChildren" name="test_list_children" time="0.715" /><testcase classname="tests.test_mch_api.TestPregnancies" name="test_list_pregnancies" time="0.691" /><testcase classname="tests.test_mch_api.TestPregnancies" name="test_filter_trimester" time="0.053" /><testcase classname="tests.test_mch_api.TestChildren" name="test_filter_gender" time="0.085" /><testcase classname="tests.test_mch_api.TestPregnancies" name="test_filter_high_risk" time="0.064" /><testcase classname="tests.test_mch_api.TestChildren" name="test_create_child" time="0.418" /><testcase classname="tests.test_mch_api.TestPregnancies" name="test_filter_delivered" time="0.052" /><testcase classname="tests.test_mch_api.TestPregnancies" name="test_search" time="0.106" /><testcase classname="tests.test_mch_api.TestPregnancies" name="test_get_pregnancy_detail" time="0.113" /><testcase classname="tests.test_mch_api.TestPregnancies" name="test_create_pregnancy_and_dashboard_increment" time="0.882" /><testcase classname="tests.test_mch_api.TestChildren" name="test_get_child_detail" time="0.177" /><testcase classname="tests.test_mch_api.TestChildren" name="test_complete_child_immunization" time="0.282" /><testcase classname="tests.test_mch_api.TestAuth" name="test_login_worker_success" time="0.272" /><testcase classname="tests.test_mch_api.TestAuth" name="test_login_admin_success" time="0.313" /><testcase classname="tests.test_mch_api.TestPregnancies" name="test_create_pregnancy_high_risk_autodetect" time="0.610" /><testcase classname="tests.test_mch_api.TestAuth" name="test_login_invalid" time="0.271" /><testcase classname="tests.test_mch_api.TestAuth" name="test_me_endpoint" time="0.048" /><testcase classname="tests.test_mch_api.TestPregnancies" name="test_record_anc_visit" time="0.211" /><testcase classname="tests.test_mch_api.TestAlerts" name="test_list_alerts" time="0.064" /><testcase classname="tests.test_mch_api.TestAlerts" name="test_recalculate_alerts" time="0.191" /><testcase classname="tests.test_mch_api.TestPregnancies" name="test_complete_maternal_immunization" time="0.253" /><testcase classname="tests.test_mch_api.TestAlerts" name="test_acknowledge_alert" time="0.106" /><testcase classname="tests.test_mch_api.TestSync" name="test_offline_sync_batch" time="0.568" /><testcase classname="tests.test_mch_api.TestNotifications" name="test_list_notifications" time="0.054" /><testcase classname="tests.test_mch_api.TestNotifications" name="test_mark_read" time="0.106" /><testcase classname="tests.test_mch_api.TestAdmin" name="test_admin_kpis" time="0.341" /><testcase classname="tests.test_mch_api.TestSync" name="test_offline_sync_dedupe" time="0.531" /><testcase classname="tests.test_mch_api.TestDashboard" name="test_dashboard_shape" time="0.209" /></testsuite></testsuites>